<?xml version="1.0" encoding="UTF-8"?>
<testng-results skipped="0" failed="1" total="2" passed="1">
  <reporter-output>
  </reporter-output>
  <suite name="Default suite" duration-ms="65066" started-at="2016-03-17T13:55:21Z" finished-at="2016-03-17T13:56:26Z">
    <groups>
    </groups>
    <test name="Default test" duration-ms="65066" started-at="2016-03-17T13:55:21Z" finished-at="2016-03-17T13:56:26Z">
      <class name="com.gktech.testcases.resources.Login">
        <test-method status="FAIL" signature="gmail()[pri:0, instance:com.gktech.testcases.resources.Login@256216b3]" name="gmail" duration-ms="32832" started-at="2016-03-17T19:25:21Z" finished-at="2016-03-17T19:25:54Z">
          <exception class="org.openqa.selenium.NoSuchWindowException">
            <message>
              <![CDATA[Window not found. The browser window may have been closed.
Command duration or timeout: 384 milliseconds
Build info: version: '2.45.0', revision: '5017cb8e7ca8e37638dc3091b2440b90a1d8686f', time: '2015-02-27 09:10:26'
System info: host: 'Govardhan-PC', ip: '10.250.10.186', os.name: 'Windows 8.1', os.arch: 'amd64', os.version: '6.3', java.version: '1.8.0_65'
Driver info: org.openqa.selenium.firefox.FirefoxDriver
Capabilities [{applicationCacheEnabled=true, rotatable=false, handlesAlerts=true, databaseEnabled=true, version=36.0.1, platform=WINDOWS, nativeEvents=false, acceptSslCerts=true, webStorageEnabled=true, locationContextEnabled=true, browserName=firefox, takesScreenshot=true, javascriptEnabled=true, cssSelectorsEnabled=true}]
Session ID: fd42d46b-204e-426a-b22b-956abbb7a002]]>
            </message>
            <full-stacktrace>
              <![CDATA[org.openqa.selenium.NoSuchWindowException: Window not found. The browser window may have been closed.
Command duration or timeout: 384 milliseconds
Build info: version: '2.45.0', revision: '5017cb8e7ca8e37638dc3091b2440b90a1d8686f', time: '2015-02-27 09:10:26'
System info: host: 'Govardhan-PC', ip: '10.250.10.186', os.name: 'Windows 8.1', os.arch: 'amd64', os.version: '6.3', java.version: '1.8.0_65'
Driver info: org.openqa.selenium.firefox.FirefoxDriver
Capabilities [{applicationCacheEnabled=true, rotatable=false, handlesAlerts=true, databaseEnabled=true, version=36.0.1, platform=WINDOWS, nativeEvents=false, acceptSslCerts=true, webStorageEnabled=true, locationContextEnabled=true, browserName=firefox, takesScreenshot=true, javascriptEnabled=true, cssSelectorsEnabled=true}]
Session ID: fd42d46b-204e-426a-b22b-956abbb7a002
	at sun.reflect.NativeConstructorAccessorImpl.newInstance0(Native Method)
	at sun.reflect.NativeConstructorAccessorImpl.newInstance(Unknown Source)
	at sun.reflect.DelegatingConstructorAccessorImpl.newInstance(Unknown Source)
	at java.lang.reflect.Constructor.newInstance(Unknown Source)
	at org.openqa.selenium.remote.ErrorHandler.createThrowable(ErrorHandler.java:204)
	at org.openqa.selenium.remote.ErrorHandler.throwIfResponseFailed(ErrorHandler.java:156)
	at org.openqa.selenium.remote.RemoteWebDriver.execute(RemoteWebDriver.java:599)
	at org.openqa.selenium.remote.RemoteWebDriver.get(RemoteWebDriver.java:304)
	at com.gktech.testcases.resources.Login.gmail(Login.java:11)
	at sun.reflect.NativeMethodAccessorImpl.invoke0(Native Method)
	at sun.reflect.NativeMethodAccessorImpl.invoke(Unknown Source)
	at sun.reflect.DelegatingMethodAccessorImpl.invoke(Unknown Source)
	at java.lang.reflect.Method.invoke(Unknown Source)
	at org.testng.internal.MethodInvocationHelper.invokeMethod(MethodInvocationHelper.java:80)
	at org.testng.internal.Invoker.invokeMethod(Invoker.java:714)
	at org.testng.internal.Invoker.invokeTestMethod(Invoker.java:901)
	at org.testng.internal.Invoker.invokeTestMethods(Invoker.java:1231)
	at org.testng.internal.TestMethodWorker.invokeTestMethods(TestMethodWorker.java:127)
	at org.testng.internal.TestMethodWorker.run(TestMethodWorker.java:111)
	at org.testng.TestRunner.privateRun(TestRunner.java:767)
	at org.testng.TestRunner.run(TestRunner.java:617)
	at org.testng.SuiteRunner.runTest(SuiteRunner.java:334)
	at org.testng.SuiteRunner.runSequentially(SuiteRunner.java:329)
	at org.testng.SuiteRunner.privateRun(SuiteRunner.java:291)
	at org.testng.SuiteRunner.run(SuiteRunner.java:240)
	at org.testng.SuiteRunnerWorker.runSuite(SuiteRunnerWorker.java:52)
	at org.testng.SuiteRunnerWorker.run(SuiteRunnerWorker.java:86)
	at org.testng.TestNG.runSuitesSequentially(TestNG.java:1198)
	at org.testng.TestNG.runSuitesLocally(TestNG.java:1123)
	at org.testng.TestNG.run(TestNG.java:1031)
	at org.testng.remote.RemoteTestNG.run(RemoteTestNG.java:115)
	at org.testng.remote.RemoteTestNG.initAndRun(RemoteTestNG.java:207)
	at org.testng.remote.RemoteTestNG.main(RemoteTestNG.java:178)
Caused by: org.openqa.selenium.NoSuchWindowException: Window not found. The browser window may have been closed.
Build info: version: '2.45.0', revision: '5017cb8e7ca8e37638dc3091b2440b90a1d8686f', time: '2015-02-27 09:10:26'
System info: host: 'Govardhan-PC', ip: '10.250.10.186', os.name: 'Windows 8.1', os.arch: 'amd64', os.version: '6.3', java.version: '1.8.0_65'
Driver info: driver.version: unknown
	at <anonymous class>.nsCommandProcessor.prototype.execute(file:///C:/Users/GOVARD~1/AppData/Local/Temp/anonymous6724473676609165327webdriver-profile/extensions/fxdriver@googlecode.com/components/command-processor.js:12343)
	at <anonymous class>.Dispatcher.executeAs/<(file:///C:/Users/GOVARD~1/AppData/Local/Temp/anonymous6724473676609165327webdriver-profile/extensions/fxdriver@googlecode.com/components/driver-component.js:9061)
	at <anonymous class>.Resource.prototype.handle(file:///C:/Users/GOVARD~1/AppData/Local/Temp/anonymous6724473676609165327webdriver-profile/extensions/fxdriver@googlecode.com/components/driver-component.js:9208)
	at <anonymous class>.Dispatcher.prototype.dispatch(file:///C:/Users/GOVARD~1/AppData/Local/Temp/anonymous6724473676609165327webdriver-profile/extensions/fxdriver@googlecode.com/components/driver-component.js:9155)
	at <anonymous class>.WebDriverServer/<.handle(file:///C:/Users/GOVARD~1/AppData/Local/Temp/anonymous6724473676609165327webdriver-profile/extensions/fxdriver@googlecode.com/components/driver-component.js:12128)
	at <anonymous class>.createHandlerFunc/<(file:///C:/Users/GOVARD~1/AppData/Local/Temp/anonymous6724473676609165327webdriver-profile/extensions/fxdriver@googlecode.com/components/httpd.js:2058)
	at <anonymous class>.ServerHandler.prototype.handleResponse(file:///C:/Users/GOVARD~1/AppData/Local/Temp/anonymous6724473676609165327webdriver-profile/extensions/fxdriver@googlecode.com/components/httpd.js:2391)
	at <anonymous class>.Connection.prototype.process(file:///C:/Users/GOVARD~1/AppData/Local/Temp/anonymous6724473676609165327webdriver-profile/extensions/fxdriver@googlecode.com/components/httpd.js:1227)
	at <anonymous class>.RequestReader.prototype._handleResponse(file:///C:/Users/GOVARD~1/AppData/Local/Temp/anonymous6724473676609165327webdriver-profile/extensions/fxdriver@googlecode.com/components/httpd.js:1681)
	at <anonymous class>.RequestReader.prototype._processBody(file:///C:/Users/GOVARD~1/AppData/Local/Temp/anonymous6724473676609165327webdriver-profile/extensions/fxdriver@googlecode.com/components/httpd.js:1529)
	at <anonymous class>.RequestReader.prototype.onInputStreamReady(file:///C:/Users/GOVARD~1/AppData/Local/Temp/anonymous6724473676609165327webdriver-profile/extensions/fxdriver@googlecode.com/components/httpd.js:1397)
]]>
            </full-stacktrace>
          </exception> <!-- org.openqa.selenium.NoSuchWindowException -->
          <reporter-output>
          </reporter-output>
        </test-method> <!-- gmail -->
        <test-method status="PASS" signature="quikr()[pri:0, instance:com.gktech.testcases.resources.Login@256216b3]" name="quikr" duration-ms="32133" started-at="2016-03-17T19:25:54Z" finished-at="2016-03-17T19:26:26Z">
          <reporter-output>
          </reporter-output>
        </test-method> <!-- quikr -->
      </class> <!-- com.gktech.testcases.resources.Login -->
    </test> <!-- Default test -->
  </suite> <!-- Default suite -->
</testng-results>
